2022-05-13 15:41:09.118 +06:00 [INF] Application Starting up
2022-05-13 15:41:58.833 +06:00 [ERR] An unhandled exception has occurred while executing the request.
System.InvalidOperationException: The constraint reference 'Admin' could not be resolved to a type. Register the constraint type with 'Microsoft.AspNetCore.Routing.RouteOptions.ConstraintMap'.
   at Microsoft.AspNetCore.Routing.DefaultParameterPolicyFactory.Create(RoutePatternParameterPart parameter, String inlineText)
   at Microsoft.AspNetCore.Routing.ParameterPolicyFactory.Create(RoutePatternParameterPart parameter, RoutePatternParameterPolicyReference reference)
   at Microsoft.AspNetCore.Routing.Patterns.DefaultRoutePatternTransformer.MatchesConstraints(RoutePattern pattern, RoutePatternParameterPart parameter, String key, RouteValueDictionary requiredValues)
   at Microsoft.AspNetCore.Routing.Patterns.DefaultRoutePatternTransformer.SubstituteRequiredValuesCore(RoutePattern original, RouteValueDictionary requiredValues)
   at Microsoft.AspNetCore.Routing.Patterns.DefaultRoutePatternTransformer.SubstituteRequiredValues(RoutePattern original, Object requiredValues)
   at Microsoft.AspNetCore.Mvc.Routing.ActionEndpointFactory.AddEndpoints(List`1 endpoints, HashSet`1 routeNames, ActionDescriptor action, IReadOnlyList`1 routes, IReadOnlyList`1 conventions, Boolean createInertEndpoints)
   at Microsoft.AspNetCore.Mvc.Routing.ControllerActionEndpointDataSource.CreateEndpoints(IReadOnlyList`1 actions, IReadOnlyList`1 conventions)
   at Microsoft.AspNetCore.Mvc.Routing.ActionEndpointDataSourceBase.UpdateEndpoints()
   at Microsoft.AspNetCore.Mvc.Routing.ActionEndpointDataSourceBase.Initialize()
   at Microsoft.AspNetCore.Mvc.Routing.ActionEndpointDataSourceBase.get_Endpoints()
   at Microsoft.AspNetCore.Routing.CompositeEndpointDataSource.<>c.<Initialize>b__15_0(EndpointDataSource d)
   at System.Linq.Enumerable.SelectManySingleSelectorIterator`2.ToArray()
   at Microsoft.AspNetCore.Routing.CompositeEndpointDataSource.Initialize()
   at Microsoft.AspNetCore.Routing.CompositeEndpointDataSource.GetChangeToken()
   at Microsoft.AspNetCore.Routing.DataSourceDependentCache`1.Initialize()
   at System.Threading.LazyInitializer.EnsureInitializedCore[T](T& target, Boolean& initialized, Object& syncLock, Func`1 valueFactory)
   at System.Threading.LazyInitializer.EnsureInitialized[T](T& target, Boolean& initialized, Object& syncLock, Func`1 valueFactory)
   at Microsoft.AspNetCore.Routing.Matching.DataSourceDependentMatcher..ctor(EndpointDataSource dataSource, Lifetime lifetime, Func`1 matcherBuilderFactory)
   at Microsoft.AspNetCore.Routing.Matching.DfaMatcherFactory.CreateMatcher(EndpointDataSource dataSource)
   at Microsoft.AspNetCore.Routing.EndpointRoutingMiddleware.InitializeCoreAsync()
--- End of stack trace from previous location ---
   at Microsoft.AspNetCore.Routing.EndpointRoutingMiddleware.<Invoke>g__AwaitMatcher|8_0(EndpointRoutingMiddleware middleware, HttpContext httpContext, Task`1 matcherTask)
   at Microsoft.AspNetCore.Diagnostics.EntityFrameworkCore.MigrationsEndPointMiddleware.Invoke(HttpContext context)
   at Microsoft.AspNetCore.Diagnostics.DeveloperExceptionPageMiddleware.Invoke(HttpContext context)
2022-05-13 15:44:56.191 +06:00 [INF] Application Starting up
2022-05-13 15:45:02.043 +06:00 [ERR] An unhandled exception has occurred while executing the request.
System.InvalidOperationException: The constraint reference 'admin' could not be resolved to a type. Register the constraint type with 'Microsoft.AspNetCore.Routing.RouteOptions.ConstraintMap'.
   at Microsoft.AspNetCore.Routing.DefaultParameterPolicyFactory.Create(RoutePatternParameterPart parameter, String inlineText)
   at Microsoft.AspNetCore.Routing.ParameterPolicyFactory.Create(RoutePatternParameterPart parameter, RoutePatternParameterPolicyReference reference)
   at Microsoft.AspNetCore.Routing.Patterns.DefaultRoutePatternTransformer.MatchesConstraints(RoutePattern pattern, RoutePatternParameterPart parameter, String key, RouteValueDictionary requiredValues)
   at Microsoft.AspNetCore.Routing.Patterns.DefaultRoutePatternTransformer.SubstituteRequiredValuesCore(RoutePattern original, RouteValueDictionary requiredValues)
   at Microsoft.AspNetCore.Routing.Patterns.DefaultRoutePatternTransformer.SubstituteRequiredValues(RoutePattern original, Object requiredValues)
   at Microsoft.AspNetCore.Mvc.Routing.ActionEndpointFactory.AddEndpoints(List`1 endpoints, HashSet`1 routeNames, ActionDescriptor action, IReadOnlyList`1 routes, IReadOnlyList`1 conventions, Boolean createInertEndpoints)
   at Microsoft.AspNetCore.Mvc.Routing.ControllerActionEndpointDataSource.CreateEndpoints(IReadOnlyList`1 actions, IReadOnlyList`1 conventions)
   at Microsoft.AspNetCore.Mvc.Routing.ActionEndpointDataSourceBase.UpdateEndpoints()
   at Microsoft.AspNetCore.Mvc.Routing.ActionEndpointDataSourceBase.Initialize()
   at Microsoft.AspNetCore.Mvc.Routing.ActionEndpointDataSourceBase.get_Endpoints()
   at Microsoft.AspNetCore.Routing.CompositeEndpointDataSource.<>c.<Initialize>b__15_0(EndpointDataSource d)
   at System.Linq.Enumerable.SelectManySingleSelectorIterator`2.ToArray()
   at Microsoft.AspNetCore.Routing.CompositeEndpointDataSource.Initialize()
   at Microsoft.AspNetCore.Routing.CompositeEndpointDataSource.GetChangeToken()
   at Microsoft.AspNetCore.Routing.DataSourceDependentCache`1.Initialize()
   at System.Threading.LazyInitializer.EnsureInitializedCore[T](T& target, Boolean& initialized, Object& syncLock, Func`1 valueFactory)
   at System.Threading.LazyInitializer.EnsureInitialized[T](T& target, Boolean& initialized, Object& syncLock, Func`1 valueFactory)
   at Microsoft.AspNetCore.Routing.Matching.DataSourceDependentMatcher..ctor(EndpointDataSource dataSource, Lifetime lifetime, Func`1 matcherBuilderFactory)
   at Microsoft.AspNetCore.Routing.Matching.DfaMatcherFactory.CreateMatcher(EndpointDataSource dataSource)
   at Microsoft.AspNetCore.Routing.EndpointRoutingMiddleware.InitializeCoreAsync()
--- End of stack trace from previous location ---
   at Microsoft.AspNetCore.Routing.EndpointRoutingMiddleware.<Invoke>g__AwaitMatcher|8_0(EndpointRoutingMiddleware middleware, HttpContext httpContext, Task`1 matcherTask)
   at Microsoft.AspNetCore.Diagnostics.EntityFrameworkCore.MigrationsEndPointMiddleware.Invoke(HttpContext context)
   at Microsoft.AspNetCore.Diagnostics.DeveloperExceptionPageMiddleware.Invoke(HttpContext context)
2022-05-13 15:46:20.483 +06:00 [INF] Application Starting up
2022-05-13 15:46:24.310 +06:00 [ERR] An unhandled exception has occurred while executing the request.
System.InvalidOperationException: The constraint reference 'admin' could not be resolved to a type. Register the constraint type with 'Microsoft.AspNetCore.Routing.RouteOptions.ConstraintMap'.
   at Microsoft.AspNetCore.Routing.DefaultParameterPolicyFactory.Create(RoutePatternParameterPart parameter, String inlineText)
   at Microsoft.AspNetCore.Routing.ParameterPolicyFactory.Create(RoutePatternParameterPart parameter, RoutePatternParameterPolicyReference reference)
   at Microsoft.AspNetCore.Routing.Patterns.DefaultRoutePatternTransformer.MatchesConstraints(RoutePattern pattern, RoutePatternParameterPart parameter, String key, RouteValueDictionary requiredValues)
   at Microsoft.AspNetCore.Routing.Patterns.DefaultRoutePatternTransformer.SubstituteRequiredValuesCore(RoutePattern original, RouteValueDictionary requiredValues)
   at Microsoft.AspNetCore.Routing.Patterns.DefaultRoutePatternTransformer.SubstituteRequiredValues(RoutePattern original, Object requiredValues)
   at Microsoft.AspNetCore.Mvc.Routing.ActionEndpointFactory.AddEndpoints(List`1 endpoints, HashSet`1 routeNames, ActionDescriptor action, IReadOnlyList`1 routes, IReadOnlyList`1 conventions, Boolean createInertEndpoints)
   at Microsoft.AspNetCore.Mvc.Routing.ControllerActionEndpointDataSource.CreateEndpoints(IReadOnlyList`1 actions, IReadOnlyList`1 conventions)
   at Microsoft.AspNetCore.Mvc.Routing.ActionEndpointDataSourceBase.UpdateEndpoints()
   at Microsoft.AspNetCore.Mvc.Routing.ActionEndpointDataSourceBase.Initialize()
   at Microsoft.AspNetCore.Mvc.Routing.ActionEndpointDataSourceBase.get_Endpoints()
   at Microsoft.AspNetCore.Routing.CompositeEndpointDataSource.<>c.<Initialize>b__15_0(EndpointDataSource d)
   at System.Linq.Enumerable.SelectManySingleSelectorIterator`2.ToArray()
   at System.Linq.Enumerable.ToArray[TSource](IEnumerable`1 source)
   at Microsoft.AspNetCore.Routing.CompositeEndpointDataSource.Initialize()
   at Microsoft.AspNetCore.Routing.CompositeEndpointDataSource.GetChangeToken()
   at Microsoft.AspNetCore.Routing.DataSourceDependentCache`1.Initialize()
   at System.Threading.LazyInitializer.EnsureInitializedCore[T](T& target, Boolean& initialized, Object& syncLock, Func`1 valueFactory)
   at System.Threading.LazyInitializer.EnsureInitialized[T](T& target, Boolean& initialized, Object& syncLock, Func`1 valueFactory)
   at Microsoft.AspNetCore.Routing.Matching.DataSourceDependentMatcher..ctor(EndpointDataSource dataSource, Lifetime lifetime, Func`1 matcherBuilderFactory)
   at Microsoft.AspNetCore.Routing.Matching.DfaMatcherFactory.CreateMatcher(EndpointDataSource dataSource)
   at Microsoft.AspNetCore.Routing.EndpointRoutingMiddleware.InitializeCoreAsync()
--- End of stack trace from previous location ---
   at Microsoft.AspNetCore.Routing.EndpointRoutingMiddleware.<Invoke>g__AwaitMatcher|8_0(EndpointRoutingMiddleware middleware, HttpContext httpContext, Task`1 matcherTask)
   at Microsoft.AspNetCore.Diagnostics.EntityFrameworkCore.MigrationsEndPointMiddleware.Invoke(HttpContext context)
   at Microsoft.AspNetCore.Diagnostics.DeveloperExceptionPageMiddleware.Invoke(HttpContext context)
2022-05-13 15:47:07.016 +06:00 [INF] Application Starting up
2022-05-13 15:47:10.822 +06:00 [ERR] An unhandled exception has occurred while executing the request.
System.InvalidOperationException: The constraint reference 'Admin' could not be resolved to a type. Register the constraint type with 'Microsoft.AspNetCore.Routing.RouteOptions.ConstraintMap'.
   at Microsoft.AspNetCore.Routing.DefaultParameterPolicyFactory.Create(RoutePatternParameterPart parameter, String inlineText)
   at Microsoft.AspNetCore.Routing.ParameterPolicyFactory.Create(RoutePatternParameterPart parameter, RoutePatternParameterPolicyReference reference)
   at Microsoft.AspNetCore.Routing.Patterns.DefaultRoutePatternTransformer.MatchesConstraints(RoutePattern pattern, RoutePatternParameterPart parameter, String key, RouteValueDictionary requiredValues)
   at Microsoft.AspNetCore.Routing.Patterns.DefaultRoutePatternTransformer.SubstituteRequiredValuesCore(RoutePattern original, RouteValueDictionary requiredValues)
   at Microsoft.AspNetCore.Routing.Patterns.DefaultRoutePatternTransformer.SubstituteRequiredValues(RoutePattern original, Object requiredValues)
   at Microsoft.AspNetCore.Mvc.Routing.ActionEndpointFactory.AddEndpoints(List`1 endpoints, HashSet`1 routeNames, ActionDescriptor action, IReadOnlyList`1 routes, IReadOnlyList`1 conventions, Boolean createInertEndpoints)
   at Microsoft.AspNetCore.Mvc.Routing.ControllerActionEndpointDataSource.CreateEndpoints(IReadOnlyList`1 actions, IReadOnlyList`1 conventions)
   at Microsoft.AspNetCore.Mvc.Routing.ActionEndpointDataSourceBase.UpdateEndpoints()
   at Microsoft.AspNetCore.Mvc.Routing.ActionEndpointDataSourceBase.Initialize()
   at Microsoft.AspNetCore.Mvc.Routing.ActionEndpointDataSourceBase.get_Endpoints()
   at Microsoft.AspNetCore.Routing.CompositeEndpointDataSource.<>c.<Initialize>b__15_0(EndpointDataSource d)
   at System.Linq.Enumerable.SelectManySingleSelectorIterator`2.ToArray()
   at System.Linq.Enumerable.ToArray[TSource](IEnumerable`1 source)
   at Microsoft.AspNetCore.Routing.CompositeEndpointDataSource.Initialize()
   at Microsoft.AspNetCore.Routing.CompositeEndpointDataSource.GetChangeToken()
   at Microsoft.AspNetCore.Routing.DataSourceDependentCache`1.Initialize()
   at System.Threading.LazyInitializer.EnsureInitializedCore[T](T& target, Boolean& initialized, Object& syncLock, Func`1 valueFactory)
   at System.Threading.LazyInitializer.EnsureInitialized[T](T& target, Boolean& initialized, Object& syncLock, Func`1 valueFactory)
   at Microsoft.AspNetCore.Routing.Matching.DataSourceDependentMatcher..ctor(EndpointDataSource dataSource, Lifetime lifetime, Func`1 matcherBuilderFactory)
   at Microsoft.AspNetCore.Routing.Matching.DfaMatcherFactory.CreateMatcher(EndpointDataSource dataSource)
   at Microsoft.AspNetCore.Routing.EndpointRoutingMiddleware.InitializeCoreAsync()
--- End of stack trace from previous location ---
   at Microsoft.AspNetCore.Routing.EndpointRoutingMiddleware.<Invoke>g__AwaitMatcher|8_0(EndpointRoutingMiddleware middleware, HttpContext httpContext, Task`1 matcherTask)
   at Microsoft.AspNetCore.Diagnostics.EntityFrameworkCore.MigrationsEndPointMiddleware.Invoke(HttpContext context)
   at Microsoft.AspNetCore.Diagnostics.DeveloperExceptionPageMiddleware.Invoke(HttpContext context)
2022-05-13 15:48:24.763 +06:00 [ERR] An unhandled exception has occurred while executing the request.
System.InvalidOperationException: The constraint reference 'Admin' could not be resolved to a type. Register the constraint type with 'Microsoft.AspNetCore.Routing.RouteOptions.ConstraintMap'.
   at Microsoft.AspNetCore.Routing.DefaultParameterPolicyFactory.Create(RoutePatternParameterPart parameter, String inlineText)
   at Microsoft.AspNetCore.Routing.ParameterPolicyFactory.Create(RoutePatternParameterPart parameter, RoutePatternParameterPolicyReference reference)
   at Microsoft.AspNetCore.Routing.Patterns.DefaultRoutePatternTransformer.MatchesConstraints(RoutePattern pattern, RoutePatternParameterPart parameter, String key, RouteValueDictionary requiredValues)
   at Microsoft.AspNetCore.Routing.Patterns.DefaultRoutePatternTransformer.SubstituteRequiredValuesCore(RoutePattern original, RouteValueDictionary requiredValues)
   at Microsoft.AspNetCore.Routing.Patterns.DefaultRoutePatternTransformer.SubstituteRequiredValues(RoutePattern original, Object requiredValues)
   at Microsoft.AspNetCore.Mvc.Routing.ActionEndpointFactory.AddEndpoints(List`1 endpoints, HashSet`1 routeNames, ActionDescriptor action, IReadOnlyList`1 routes, IReadOnlyList`1 conventions, Boolean createInertEndpoints)
   at Microsoft.AspNetCore.Mvc.Routing.ControllerActionEndpointDataSource.CreateEndpoints(IReadOnlyList`1 actions, IReadOnlyList`1 conventions)
   at Microsoft.AspNetCore.Mvc.Routing.ActionEndpointDataSourceBase.UpdateEndpoints()
   at Microsoft.AspNetCore.Mvc.Routing.ActionEndpointDataSourceBase.Initialize()
   at Microsoft.AspNetCore.Mvc.Routing.ActionEndpointDataSourceBase.get_Endpoints()
   at Microsoft.AspNetCore.Routing.CompositeEndpointDataSource.<>c.<Initialize>b__15_0(EndpointDataSource d)
   at System.Linq.Enumerable.SelectManySingleSelectorIterator`2.ToArray()
   at Microsoft.AspNetCore.Routing.CompositeEndpointDataSource.Initialize()
   at Microsoft.AspNetCore.Routing.CompositeEndpointDataSource.GetChangeToken()
   at Microsoft.AspNetCore.Routing.DataSourceDependentCache`1.Initialize()
   at System.Threading.LazyInitializer.EnsureInitializedCore[T](T& target, Boolean& initialized, Object& syncLock, Func`1 valueFactory)
   at System.Threading.LazyInitializer.EnsureInitialized[T](T& target, Boolean& initialized, Object& syncLock, Func`1 valueFactory)
   at Microsoft.AspNetCore.Routing.Matching.DataSourceDependentMatcher..ctor(EndpointDataSource dataSource, Lifetime lifetime, Func`1 matcherBuilderFactory)
   at Microsoft.AspNetCore.Routing.Matching.DfaMatcherFactory.CreateMatcher(EndpointDataSource dataSource)
   at Microsoft.AspNetCore.Routing.EndpointRoutingMiddleware.InitializeCoreAsync()
--- End of stack trace from previous location ---
   at Microsoft.AspNetCore.Routing.EndpointRoutingMiddleware.<Invoke>g__AwaitMatcher|8_0(EndpointRoutingMiddleware middleware, HttpContext httpContext, Task`1 matcherTask)
   at Microsoft.AspNetCore.Diagnostics.EntityFrameworkCore.MigrationsEndPointMiddleware.Invoke(HttpContext context)
   at Microsoft.AspNetCore.Diagnostics.DeveloperExceptionPageMiddleware.Invoke(HttpContext context)
2022-05-13 15:49:01.708 +06:00 [ERR] An unhandled exception has occurred while executing the request.
System.InvalidOperationException: The constraint reference 'Admin' could not be resolved to a type. Register the constraint type with 'Microsoft.AspNetCore.Routing.RouteOptions.ConstraintMap'.
   at Microsoft.AspNetCore.Routing.DefaultParameterPolicyFactory.Create(RoutePatternParameterPart parameter, String inlineText)
   at Microsoft.AspNetCore.Routing.ParameterPolicyFactory.Create(RoutePatternParameterPart parameter, RoutePatternParameterPolicyReference reference)
   at Microsoft.AspNetCore.Routing.Patterns.DefaultRoutePatternTransformer.MatchesConstraints(RoutePattern pattern, RoutePatternParameterPart parameter, String key, RouteValueDictionary requiredValues)
   at Microsoft.AspNetCore.Routing.Patterns.DefaultRoutePatternTransformer.SubstituteRequiredValuesCore(RoutePattern original, RouteValueDictionary requiredValues)
   at Microsoft.AspNetCore.Routing.Patterns.DefaultRoutePatternTransformer.SubstituteRequiredValues(RoutePattern original, Object requiredValues)
   at Microsoft.AspNetCore.Mvc.Routing.ActionEndpointFactory.AddEndpoints(List`1 endpoints, HashSet`1 routeNames, ActionDescriptor action, IReadOnlyList`1 routes, IReadOnlyList`1 conventions, Boolean createInertEndpoints)
   at Microsoft.AspNetCore.Mvc.Routing.ControllerActionEndpointDataSource.CreateEndpoints(IReadOnlyList`1 actions, IReadOnlyList`1 conventions)
   at Microsoft.AspNetCore.Mvc.Routing.ActionEndpointDataSourceBase.UpdateEndpoints()
   at Microsoft.AspNetCore.Mvc.Routing.ActionEndpointDataSourceBase.Initialize()
   at Microsoft.AspNetCore.Mvc.Routing.ActionEndpointDataSourceBase.get_Endpoints()
   at Microsoft.AspNetCore.Routing.CompositeEndpointDataSource.<>c.<Initialize>b__15_0(EndpointDataSource d)
   at System.Linq.Enumerable.SelectManySingleSelectorIterator`2.ToArray()
   at Microsoft.AspNetCore.Routing.CompositeEndpointDataSource.Initialize()
   at Microsoft.AspNetCore.Routing.CompositeEndpointDataSource.GetChangeToken()
   at Microsoft.AspNetCore.Routing.DataSourceDependentCache`1.Initialize()
   at System.Threading.LazyInitializer.EnsureInitializedCore[T](T& target, Boolean& initialized, Object& syncLock, Func`1 valueFactory)
   at System.Threading.LazyInitializer.EnsureInitialized[T](T& target, Boolean& initialized, Object& syncLock, Func`1 valueFactory)
   at Microsoft.AspNetCore.Routing.Matching.DataSourceDependentMatcher..ctor(EndpointDataSource dataSource, Lifetime lifetime, Func`1 matcherBuilderFactory)
   at Microsoft.AspNetCore.Routing.Matching.DfaMatcherFactory.CreateMatcher(EndpointDataSource dataSource)
   at Microsoft.AspNetCore.Routing.EndpointRoutingMiddleware.InitializeCoreAsync()
--- End of stack trace from previous location ---
   at Microsoft.AspNetCore.Routing.EndpointRoutingMiddleware.<Invoke>g__AwaitMatcher|8_0(EndpointRoutingMiddleware middleware, HttpContext httpContext, Task`1 matcherTask)
   at Microsoft.AspNetCore.Diagnostics.EntityFrameworkCore.MigrationsEndPointMiddleware.Invoke(HttpContext context)
   at Microsoft.AspNetCore.Diagnostics.DeveloperExceptionPageMiddleware.Invoke(HttpContext context)
2022-05-13 15:50:08.046 +06:00 [INF] Application Starting up
2022-05-13 15:50:25.202 +06:00 [WRN] Role null validation failed: DuplicateRoleName.
2022-05-13 15:50:25.227 +06:00 [WRN] Role null validation failed: DuplicateRoleName.
2022-05-13 15:51:05.692 +06:00 [INF] User created a new account with password.
2022-05-13 18:13:19.389 +06:00 [INF] Application Starting up
